c:\opengl\openglplayground\openglplayground\valar\debug\valar.pdb
c:\opengl\openglplayground\openglplayground\valar\debug\valar.idb
c:\opengl\openglplayground\openglplayground\valar\debug\picopng.obj
c:\opengl\openglplayground\openglplayground\valar\debug\iomanager.obj
c:\opengl\openglplayground\openglplayground\valar\debug\texturecache.obj
c:\opengl\openglplayground\openglplayground\valar\debug\sprite.obj
c:\opengl\openglplayground\openglplayground\valar\debug\resourcemanager.obj
c:\opengl\openglplayground\openglplayground\valar\debug\imageloader.obj
c:\opengl\openglplayground\openglplayground\valar\debug\glslprogram.obj
c:\opengl\openglplayground\openglplayground\valar\debug\errors.obj
c:\opengl\openglplayground\openglplayground\valar\debug\valar.obj
c:\opengl\openglplayground\openglplayground\valar\debug\window.obj
c:\opengl\openglplayground\openglplayground\valar\debug\timing.obj
c:\opengl\openglplayground\openglplayground\valar\debug\inputmanager.obj
c:\opengl\openglplayground\openglplayground\valar\debug\camera2d.obj
c:\opengl\openglplayground\openglplayground\valar\debug\spritebatch.obj
c:\opengl\openglplayground\openglplayground\debug\valar.lib
c:\opengl\openglplayground\openglplayground\debug\valar.pdb
c:\opengl\openglplayground\openglplayground\valar\debug\valar.tlog\cl.command.1.tlog
c:\opengl\openglplayground\openglplayground\valar\debug\valar.tlog\cl.read.1.tlog
c:\opengl\openglplayground\openglplayground\valar\debug\valar.tlog\cl.write.1.tlog
c:\opengl\openglplayground\openglplayground\valar\debug\valar.tlog\lib-link.read.1.tlog
c:\opengl\openglplayground\openglplayground\valar\debug\valar.tlog\lib-link.write.1.tlog
c:\opengl\openglplayground\openglplayground\valar\debug\valar.tlog\lib.command.1.tlog
